<?xml version="1.0" encoding="UTF-8"?>
<!-- Generated by org.testng.reporters.JUnitXMLReporter -->
<testsuite ignored="0" hostname="LAPTOP-04B1LE1H" failures="0" tests="11" name="Surefire test" time="103.85" errors="0" timestamp="2023-12-06T15:43:51 GMT">
  <testcase classname="com.tutorialsninja.testsuite.AccountLoginPageTest" name="verifyThatUserShouldLoginAndLogoutSuccessfully" time="1.77"/>
  <testcase classname="com.tutorialsninja.testsuite.AccountLoginPageTest" name="verifyUserShouldNavigateToLoginPageSuccessfully" time="0.415"/>
  <testcase classname="com.tutorialsninja.testsuite.AccountRegisterPageTest" name="verifyThatUserShouldLoginAndLogoutSuccessfully" time="23.472"/>
  <testcase classname="com.tutorialsninja.testsuite.AccountRegisterPageTest" name="verifyUserShouldNavigateToLoginPageSuccessfully" time="20.652"/>
  <testcase classname="com.tutorialsninja.testsuite.DesktopsPageTest" name="verifyProductAddedToShoppingCartSuccessFully" time="9.941"/>
  <testcase classname="com.tutorialsninja.testsuite.DesktopsPageTest" name="verifyProductArrangeInAlphabeticalOrder" time="1.797"/>
  <testcase classname="com.tutorialsninja.testsuite.LaptopsAndNotebooksPageTest" name="verifyProductsPriceDisplayHighToLowSuccessfully" time="1.72"/>
  <testcase classname="com.tutorialsninja.testsuite.LaptopsAndNotebooksPageTest" name="verifyThatUserPlaceOrderSuccessfully" time="3.546"/>
  <testcase classname="com.tutorialsninja.testsuite.TopMenuTest" name="verifyUserShouldNavigateToComponentsPageSuccessfully" time="0.697"/>
  <testcase classname="com.tutorialsninja.testsuite.TopMenuTest" name="verifyUserShouldNavigateToDesktopsPageSuccessfully" time="0.72"/>
  <testcase classname="com.tutorialsninja.testsuite.TopMenuTest" name="verifyUserShouldNavigateToLaptopsAndNotebooksPageSuccessfully" time="0.686"/>
</testsuite> <!-- Surefire test -->
