<?xml version="1.0" encoding="UTF-8"?>
<testng-results ignored="0" total="11" passed="11" failed="0" skipped="0">
  <reporter-output>
  </reporter-output>
  <suite started-at="2023-12-06T15:42:07 GMT" name="Surefire suite" finished-at="2023-12-06T15:43:51 GMT" duration-ms="103850">
    <groups>
    </groups>
    <test started-at="2023-12-06T15:42:07 GMT" name="Surefire test" finished-at="2023-12-06T15:43:51 GMT" duration-ms="103850">
      <class name="com.tutorialsninja.testsuite.TopMenuTest">
        <test-method is-config="true" signature="setUp()[pri:0, instance:com.tutorialsninja.testsuite.TopMenuTest@76908cc0]" started-at="2023-12-06T15:43:38 GMT" name="setUp" finished-at="2023-12-06T15:43:42 GMT" duration-ms="3310" status="PASS">
          <reporter-output>
          </reporter-output>
        </test-method> <!-- setUp -->
        <test-method signature="verifyUserShouldNavigateToComponentsPageSuccessfully()[pri:0, instance:com.tutorialsninja.testsuite.TopMenuTest@76908cc0]" started-at="2023-12-06T15:43:42 GMT" name="verifyUserShouldNavigateToComponentsPageSuccessfully" finished-at="2023-12-06T15:43:42 GMT" duration-ms="697" status="PASS">
          <reporter-output>
          </reporter-output>
        </test-method> <!-- verifyUserShouldNavigateToComponentsPageSuccessfully -->
        <test-method is-config="true" signature="tearDown()[pri:0, instance:com.tutorialsninja.testsuite.TopMenuTest@76908cc0]" started-at="2023-12-06T15:43:42 GMT" name="tearDown" finished-at="2023-12-06T15:43:43 GMT" duration-ms="136" status="PASS">
          <reporter-output>
          </reporter-output>
        </test-method> <!-- tearDown -->
        <test-method is-config="true" signature="setUp()[pri:0, instance:com.tutorialsninja.testsuite.TopMenuTest@76908cc0]" started-at="2023-12-06T15:43:43 GMT" name="setUp" finished-at="2023-12-06T15:43:46 GMT" duration-ms="3300" status="PASS">
          <reporter-output>
          </reporter-output>
        </test-method> <!-- setUp -->
        <test-method signature="verifyUserShouldNavigateToDesktopsPageSuccessfully()[pri:0, instance:com.tutorialsninja.testsuite.TopMenuTest@76908cc0]" started-at="2023-12-06T15:43:46 GMT" name="verifyUserShouldNavigateToDesktopsPageSuccessfully" finished-at="2023-12-06T15:43:47 GMT" duration-ms="720" status="PASS">
          <reporter-output>
          </reporter-output>
        </test-method> <!-- verifyUserShouldNavigateToDesktopsPageSuccessfully -->
        <test-method is-config="true" signature="tearDown()[pri:0, instance:com.tutorialsninja.testsuite.TopMenuTest@76908cc0]" started-at="2023-12-06T15:43:47 GMT" name="tearDown" finished-at="2023-12-06T15:43:47 GMT" duration-ms="142" status="PASS">
          <reporter-output>
          </reporter-output>
        </test-method> <!-- tearDown -->
        <test-method is-config="true" signature="setUp()[pri:0, instance:com.tutorialsninja.testsuite.TopMenuTest@76908cc0]" started-at="2023-12-06T15:43:47 GMT" name="setUp" finished-at="2023-12-06T15:43:50 GMT" duration-ms="3302" status="PASS">
          <reporter-output>
          </reporter-output>
        </test-method> <!-- setUp -->
        <test-method signature="verifyUserShouldNavigateToLaptopsAndNotebooksPageSuccessfully()[pri:0, instance:com.tutorialsninja.testsuite.TopMenuTest@76908cc0]" started-at="2023-12-06T15:43:50 GMT" name="verifyUserShouldNavigateToLaptopsAndNotebooksPageSuccessfully" finished-at="2023-12-06T15:43:51 GMT" duration-ms="686" status="PASS">
          <reporter-output>
          </reporter-output>
        </test-method> <!-- verifyUserShouldNavigateToLaptopsAndNotebooksPageSuccessfully -->
        <test-method is-config="true" signature="tearDown()[pri:0, instance:com.tutorialsninja.testsuite.TopMenuTest@76908cc0]" started-at="2023-12-06T15:43:51 GMT" name="tearDown" finished-at="2023-12-06T15:43:51 GMT" duration-ms="124" status="PASS">
          <reporter-output>
          </reporter-output>
        </test-method> <!-- tearDown -->
      </class> <!-- com.tutorialsninja.testsuite.TopMenuTest -->
      <class name="com.tutorialsninja.testsuite.AccountLoginPageTest">
        <test-method is-config="true" signature="setUp()[pri:0, instance:com.tutorialsninja.testsuite.AccountLoginPageTest@3aefe5e5]" started-at="2023-12-06T15:42:07 GMT" name="setUp" finished-at="2023-12-06T15:42:11 GMT" duration-ms="3778" status="PASS">
          <reporter-output>
          </reporter-output>
        </test-method> <!-- setUp -->
        <test-method signature="verifyThatUserShouldLoginAndLogoutSuccessfully()[pri:0, instance:com.tutorialsninja.testsuite.AccountLoginPageTest@3aefe5e5]" started-at="2023-12-06T15:42:11 GMT" name="verifyThatUserShouldLoginAndLogoutSuccessfully" finished-at="2023-12-06T15:42:13 GMT" duration-ms="1770" status="PASS">
          <reporter-output>
          </reporter-output>
        </test-method> <!-- verifyThatUserShouldLoginAndLogoutSuccessfully -->
        <test-method is-config="true" signature="tearDown()[pri:0, instance:com.tutorialsninja.testsuite.AccountLoginPageTest@3aefe5e5]" started-at="2023-12-06T15:42:13 GMT" name="tearDown" finished-at="2023-12-06T15:42:13 GMT" duration-ms="137" status="PASS">
          <reporter-output>
          </reporter-output>
        </test-method> <!-- tearDown -->
        <test-method is-config="true" signature="setUp()[pri:0, instance:com.tutorialsninja.testsuite.AccountLoginPageTest@3aefe5e5]" started-at="2023-12-06T15:42:13 GMT" name="setUp" finished-at="2023-12-06T15:42:16 GMT" duration-ms="3257" status="PASS">
          <reporter-output>
          </reporter-output>
        </test-method> <!-- setUp -->
        <test-method signature="verifyUserShouldNavigateToLoginPageSuccessfully()[pri:0, instance:com.tutorialsninja.testsuite.AccountLoginPageTest@3aefe5e5]" started-at="2023-12-06T15:42:16 GMT" name="verifyUserShouldNavigateToLoginPageSuccessfully" finished-at="2023-12-06T15:42:16 GMT" duration-ms="415" status="PASS">
          <reporter-output>
          </reporter-output>
        </test-method> <!-- verifyUserShouldNavigateToLoginPageSuccessfully -->
        <test-method is-config="true" signature="tearDown()[pri:0, instance:com.tutorialsninja.testsuite.AccountLoginPageTest@3aefe5e5]" started-at="2023-12-06T15:42:16 GMT" name="tearDown" finished-at="2023-12-06T15:42:17 GMT" duration-ms="156" status="PASS">
          <reporter-output>
          </reporter-output>
        </test-method> <!-- tearDown -->
      </class> <!-- com.tutorialsninja.testsuite.AccountLoginPageTest -->
      <class name="com.tutorialsninja.testsuite.LaptopsAndNotebooksPageTest">
        <test-method is-config="true" signature="setUp()[pri:0, instance:com.tutorialsninja.testsuite.LaptopsAndNotebooksPageTest@1d119efb]" started-at="2023-12-06T15:43:26 GMT" name="setUp" finished-at="2023-12-06T15:43:30 GMT" duration-ms="3251" status="PASS">
          <reporter-output>
          </reporter-output>
        </test-method> <!-- setUp -->
        <test-method signature="verifyProductsPriceDisplayHighToLowSuccessfully()[pri:0, instance:com.tutorialsninja.testsuite.LaptopsAndNotebooksPageTest@1d119efb]" started-at="2023-12-06T15:43:30 GMT" name="verifyProductsPriceDisplayHighToLowSuccessfully" finished-at="2023-12-06T15:43:31 GMT" duration-ms="1720" status="PASS">
          <reporter-output>
          </reporter-output>
        </test-method> <!-- verifyProductsPriceDisplayHighToLowSuccessfully -->
        <test-method is-config="true" signature="tearDown()[pri:0, instance:com.tutorialsninja.testsuite.LaptopsAndNotebooksPageTest@1d119efb]" started-at="2023-12-06T15:43:31 GMT" name="tearDown" finished-at="2023-12-06T15:43:32 GMT" duration-ms="126" status="PASS">
          <reporter-output>
          </reporter-output>
        </test-method> <!-- tearDown -->
        <test-method is-config="true" signature="setUp()[pri:0, instance:com.tutorialsninja.testsuite.LaptopsAndNotebooksPageTest@1d119efb]" started-at="2023-12-06T15:43:32 GMT" name="setUp" finished-at="2023-12-06T15:43:35 GMT" duration-ms="3217" status="PASS">
          <reporter-output>
          </reporter-output>
        </test-method> <!-- setUp -->
        <test-method signature="verifyThatUserPlaceOrderSuccessfully()[pri:0, instance:com.tutorialsninja.testsuite.LaptopsAndNotebooksPageTest@1d119efb]" started-at="2023-12-06T15:43:35 GMT" name="verifyThatUserPlaceOrderSuccessfully" finished-at="2023-12-06T15:43:38 GMT" duration-ms="3546" status="PASS">
          <reporter-output>
          </reporter-output>
        </test-method> <!-- verifyThatUserPlaceOrderSuccessfully -->
        <test-method is-config="true" signature="tearDown()[pri:0, instance:com.tutorialsninja.testsuite.LaptopsAndNotebooksPageTest@1d119efb]" started-at="2023-12-06T15:43:38 GMT" name="tearDown" finished-at="2023-12-06T15:43:38 GMT" duration-ms="139" status="PASS">
          <reporter-output>
          </reporter-output>
        </test-method> <!-- tearDown -->
      </class> <!-- com.tutorialsninja.testsuite.LaptopsAndNotebooksPageTest -->
      <class name="com.tutorialsninja.testsuite.AccountRegisterPageTest">
        <test-method is-config="true" signature="setUp()[pri:0, instance:com.tutorialsninja.testsuite.AccountRegisterPageTest@1b1473ab]" started-at="2023-12-06T15:42:17 GMT" name="setUp" finished-at="2023-12-06T15:42:20 GMT" duration-ms="3248" status="PASS">
          <reporter-output>
          </reporter-output>
        </test-method> <!-- setUp -->
        <test-method signature="verifyThatUserShouldLoginAndLogoutSuccessfully()[pri:0, instance:com.tutorialsninja.testsuite.AccountRegisterPageTest@1b1473ab]" started-at="2023-12-06T15:42:20 GMT" name="verifyThatUserShouldLoginAndLogoutSuccessfully" finished-at="2023-12-06T15:42:43 GMT" duration-ms="23472" status="PASS">
          <reporter-output>
          </reporter-output>
        </test-method> <!-- verifyThatUserShouldLoginAndLogoutSuccessfully -->
        <test-method is-config="true" signature="tearDown()[pri:0, instance:com.tutorialsninja.testsuite.AccountRegisterPageTest@1b1473ab]" started-at="2023-12-06T15:42:43 GMT" name="tearDown" finished-at="2023-12-06T15:42:43 GMT" duration-ms="182" status="PASS">
          <reporter-output>
          </reporter-output>
        </test-method> <!-- tearDown -->
        <test-method is-config="true" signature="setUp()[pri:0, instance:com.tutorialsninja.testsuite.AccountRegisterPageTest@1b1473ab]" started-at="2023-12-06T15:42:43 GMT" name="setUp" finished-at="2023-12-06T15:42:47 GMT" duration-ms="3479" status="PASS">
          <reporter-output>
          </reporter-output>
        </test-method> <!-- setUp -->
        <test-method signature="verifyUserShouldNavigateToLoginPageSuccessfully()[pri:0, instance:com.tutorialsninja.testsuite.AccountRegisterPageTest@1b1473ab]" started-at="2023-12-06T15:42:47 GMT" name="verifyUserShouldNavigateToLoginPageSuccessfully" finished-at="2023-12-06T15:43:08 GMT" duration-ms="20652" status="PASS">
          <reporter-output>
          </reporter-output>
        </test-method> <!-- verifyUserShouldNavigateToLoginPageSuccessfully -->
        <test-method is-config="true" signature="tearDown()[pri:0, instance:com.tutorialsninja.testsuite.AccountRegisterPageTest@1b1473ab]" started-at="2023-12-06T15:43:08 GMT" name="tearDown" finished-at="2023-12-06T15:43:08 GMT" duration-ms="154" status="PASS">
          <reporter-output>
          </reporter-output>
        </test-method> <!-- tearDown -->
      </class> <!-- com.tutorialsninja.testsuite.AccountRegisterPageTest -->
      <class name="com.tutorialsninja.testsuite.DesktopsPageTest">
        <test-method is-config="true" signature="setUp()[pri:0, instance:com.tutorialsninja.testsuite.DesktopsPageTest@36c88a32]" started-at="2023-12-06T15:43:08 GMT" name="setUp" finished-at="2023-12-06T15:43:11 GMT" duration-ms="3394" status="PASS">
          <reporter-output>
          </reporter-output>
        </test-method> <!-- setUp -->
        <test-method signature="verifyProductAddedToShoppingCartSuccessFully()[pri:0, instance:com.tutorialsninja.testsuite.DesktopsPageTest@36c88a32]" started-at="2023-12-06T15:43:11 GMT" name="verifyProductAddedToShoppingCartSuccessFully" finished-at="2023-12-06T15:43:21 GMT" duration-ms="9941" status="PASS">
          <reporter-output>
          </reporter-output>
        </test-method> <!-- verifyProductAddedToShoppingCartSuccessFully -->
        <test-method is-config="true" signature="tearDown()[pri:0, instance:com.tutorialsninja.testsuite.DesktopsPageTest@36c88a32]" started-at="2023-12-06T15:43:21 GMT" name="tearDown" finished-at="2023-12-06T15:43:21 GMT" duration-ms="140" status="PASS">
          <reporter-output>
          </reporter-output>
        </test-method> <!-- tearDown -->
        <test-method is-config="true" signature="setUp()[pri:0, instance:com.tutorialsninja.testsuite.DesktopsPageTest@36c88a32]" started-at="2023-12-06T15:43:21 GMT" name="setUp" finished-at="2023-12-06T15:43:25 GMT" duration-ms="3286" status="PASS">
          <reporter-output>
          </reporter-output>
        </test-method> <!-- setUp -->
        <test-method signature="verifyProductArrangeInAlphabeticalOrder()[pri:0, instance:com.tutorialsninja.testsuite.DesktopsPageTest@36c88a32]" started-at="2023-12-06T15:43:25 GMT" name="verifyProductArrangeInAlphabeticalOrder" finished-at="2023-12-06T15:43:26 GMT" duration-ms="1797" status="PASS">
          <reporter-output>
          </reporter-output>
        </test-method> <!-- verifyProductArrangeInAlphabeticalOrder -->
        <test-method is-config="true" signature="tearDown()[pri:0, instance:com.tutorialsninja.testsuite.DesktopsPageTest@36c88a32]" started-at="2023-12-06T15:43:26 GMT" name="tearDown" finished-at="2023-12-06T15:43:26 GMT" duration-ms="126" status="PASS">
          <reporter-output>
          </reporter-output>
        </test-method> <!-- tearDown -->
      </class> <!-- com.tutorialsninja.testsuite.DesktopsPageTest -->
    </test> <!-- Surefire test -->
  </suite> <!-- Surefire suite -->
</testng-results>
