<?xml version="1.0" encoding="UTF-8"?>
<testsuite xmlns:xsi="http://www.w3.org/2001/XMLSchema-instance" xsi:noNamespaceSchemaLocation="https://maven.apache.org/surefire/maven-surefire-plugin/xsd/surefire-test-report-3.0.xsd" version="3.0" name="TestSuite" time="104.29" tests="11" errors="0" skipped="0" failures="0">
  <properties>
[...]
</properties>
  <testcase name="verifyThatUserShouldLoginAndLogoutSuccessfully" classname="com.tutorialsninja.testsuite.AccountLoginPageTest" time="1.77">
    <system-err><![CDATA[SLF4J: Failed to load class "org.slf4j.impl.StaticLoggerBinder".
SLF4J: Defaulting to no-operation (NOP) logger implementation
SLF4J: See http://www.slf4j.org/codes.html#StaticLoggerBinder for further details.
]]></system-err>
  </testcase>
  <testcase name="verifyUserShouldNavigateToLoginPageSuccessfully" classname="com.tutorialsninja.testsuite.AccountLoginPageTest" time="0.415"/>
  <testcase name="verifyThatUserShouldLoginAndLogoutSuccessfully" classname="com.tutorialsninja.testsuite.AccountRegisterPageTest" time="23.473"/>
  <testcase name="verifyUserShouldNavigateToLoginPageSuccessfully" classname="com.tutorialsninja.testsuite.AccountRegisterPageTest" time="20.651"/>
  <testcase name="verifyProductAddedToShoppingCartSuccessFully" classname="com.tutorialsninja.testsuite.DesktopsPageTest" time="9.942"/>
  <testcase name="verifyProductArrangeInAlphabeticalOrder" classname="com.tutorialsninja.testsuite.DesktopsPageTest" time="1.797"/>
  <testcase name="verifyProductsPriceDisplayHighToLowSuccessfully" classname="com.tutorialsninja.testsuite.LaptopsAndNotebooksPageTest" time="1.72"/>
  <testcase name="verifyThatUserPlaceOrderSuccessfully" classname="com.tutorialsninja.testsuite.LaptopsAndNotebooksPageTest" time="3.546"/>
  <testcase name="verifyUserShouldNavigateToComponentsPageSuccessfully" classname="com.tutorialsninja.testsuite.TopMenuTest" time="0.697"/>
  <testcase name="verifyUserShouldNavigateToDesktopsPageSuccessfully" classname="com.tutorialsninja.testsuite.TopMenuTest" time="0.72"/>
  <testcase name="verifyUserShouldNavigateToLaptopsAndNotebooksPageSuccessfully" classname="com.tutorialsninja.testsuite.TopMenuTest" time="0.686"/>
</testsuite>